<?xml version="1.0" encoding="UTF-8"?>
<testsuite xmlns:xsi="http://www.w3.org/2001/XMLSchema-instance" xsi:noNamespaceSchemaLocation="https://maven.apache.org/surefire/maven-surefire-plugin/xsd/surefire-test-report-3.0.xsd" version="3.0" name="cn.shalee.ThreadLocalTest" time="0.001" tests="1" errors="0" skipped="0" failures="0">
  <properties>
    <property name="socksProxyHost" value="127.0.0.1"/>
    <property name="http.proxyHost" value="127.0.0.1"/>
    <property name="java.specification.version" value="21"/>
    <property name="sun.jnu.encoding" value="UTF-8"/>
    <property name="java.class.path" value="/Users/leeshal/Desktop/OneWork/target/test-classes:/Users/leeshal/Desktop/OneWork/target/classes:/Users/leeshal/apache-maven-3.9.7/mvn_repo/org/springframework/boot/spring-boot-starter-web/3.2.6/spring-boot-starter-web-3.2.6.jar:/Users/leeshal/apache-maven-3.9.7/mvn_repo/org/springframework/boot/spring-boot-starter/3.2.6/spring-boot-starter-3.2.6.jar:/Users/leeshal/apache-maven-3.9.7/mvn_repo/org/springframework/boot/spring-boot/3.2.6/spring-boot-3.2.6.jar:/Users/leeshal/apache-maven-3.9.7/mvn_repo/org/springframework/boot/spring-boot-autoconfigure/3.2.6/spring-boot-autoconfigure-3.2.6.jar:/Users/leeshal/apache-maven-3.9.7/mvn_repo/org/springframework/boot/spring-boot-starter-logging/3.2.6/spring-boot-starter-logging-3.2.6.jar:/Users/leeshal/apache-maven-3.9.7/mvn_repo/ch/qos/logback/logback-classic/1.4.14/logback-classic-1.4.14.jar:/Users/leeshal/apache-maven-3.9.7/mvn_repo/ch/qos/logback/logback-core/1.4.14/logback-core-1.4.14.jar:/Users/leeshal/apache-maven-3.9.7/mvn_repo/org/apache/logging/log4j/log4j-to-slf4j/2.21.1/log4j-to-slf4j-2.21.1.jar:/Users/leeshal/apache-maven-3.9.7/mvn_repo/org/apache/logging/log4j/log4j-api/2.21.1/log4j-api-2.21.1.jar:/Users/leeshal/apache-maven-3.9.7/mvn_repo/org/slf4j/jul-to-slf4j/2.0.13/jul-to-slf4j-2.0.13.jar:/Users/leeshal/apache-maven-3.9.7/mvn_repo/jakarta/annotation/jakarta.annotation-api/2.1.1/jakarta.annotation-api-2.1.1.jar:/Users/leeshal/apache-maven-3.9.7/mvn_repo/org/yaml/snakeyaml/2.2/snakeyaml-2.2.jar:/Users/leeshal/apache-maven-3.9.7/mvn_repo/org/springframework/boot/spring-boot-starter-json/3.2.6/spring-boot-starter-json-3.2.6.jar:/Users/leeshal/apache-maven-3.9.7/mvn_repo/com/fasterxml/jackson/datatype/jackson-datatype-jdk8/2.15.4/jackson-datatype-jdk8-2.15.4.jar:/Users/leeshal/apache-maven-3.9.7/mvn_repo/com/fasterxml/jackson/datatype/jackson-datatype-jsr310/2.15.4/jackson-datatype-jsr310-2.15.4.jar:/Users/leeshal/apache-maven-3.9.7/mvn_repo/com/fasterxml/jackson/module/jackson-module-parameter-names/2.15.4/jackson-module-parameter-names-2.15.4.jar:/Users/leeshal/apache-maven-3.9.7/mvn_repo/org/springframework/boot/spring-boot-starter-tomcat/3.2.6/spring-boot-starter-tomcat-3.2.6.jar:/Users/leeshal/apache-maven-3.9.7/mvn_repo/org/apache/tomcat/embed/tomcat-embed-websocket/10.1.24/tomcat-embed-websocket-10.1.24.jar:/Users/leeshal/apache-maven-3.9.7/mvn_repo/org/springframework/spring-web/6.1.8/spring-web-6.1.8.jar:/Users/leeshal/apache-maven-3.9.7/mvn_repo/org/springframework/spring-beans/6.1.8/spring-beans-6.1.8.jar:/Users/leeshal/apache-maven-3.9.7/mvn_repo/io/micrometer/micrometer-observation/1.12.6/micrometer-observation-1.12.6.jar:/Users/leeshal/apache-maven-3.9.7/mvn_repo/io/micrometer/micrometer-commons/1.12.6/micrometer-commons-1.12.6.jar:/Users/leeshal/apache-maven-3.9.7/mvn_repo/org/springframework/spring-webmvc/6.1.8/spring-webmvc-6.1.8.jar:/Users/leeshal/apache-maven-3.9.7/mvn_repo/org/springframework/spring-aop/6.1.8/spring-aop-6.1.8.jar:/Users/leeshal/apache-maven-3.9.7/mvn_repo/org/springframework/spring-context/6.1.8/spring-context-6.1.8.jar:/Users/leeshal/apache-maven-3.9.7/mvn_repo/org/springframework/spring-expression/6.1.8/spring-expression-6.1.8.jar:/Users/leeshal/apache-maven-3.9.7/mvn_repo/org/mybatis/spring/boot/mybatis-spring-boot-starter/3.0.3/mybatis-spring-boot-starter-3.0.3.jar:/Users/leeshal/apache-maven-3.9.7/mvn_repo/org/springframework/boot/spring-boot-starter-jdbc/3.2.6/spring-boot-starter-jdbc-3.2.6.jar:/Users/leeshal/apache-maven-3.9.7/mvn_repo/com/zaxxer/HikariCP/5.0.1/HikariCP-5.0.1.jar:/Users/leeshal/apache-maven-3.9.7/mvn_repo/org/springframework/spring-jdbc/6.1.8/spring-jdbc-6.1.8.jar:/Users/leeshal/apache-maven-3.9.7/mvn_repo/org/mybatis/spring/boot/mybatis-spring-boot-autoconfigure/3.0.3/mybatis-spring-boot-autoconfigure-3.0.3.jar:/Users/leeshal/apache-maven-3.9.7/mvn_repo/org/mybatis/mybatis/3.5.14/mybatis-3.5.14.jar:/Users/leeshal/apache-maven-3.9.7/mvn_repo/org/mybatis/mybatis-spring/3.0.3/mybatis-spring-3.0.3.jar:/Users/leeshal/apache-maven-3.9.7/mvn_repo/com/mysql/mysql-connector-j/8.3.0/mysql-connector-j-8.3.0.jar:/Users/leeshal/apache-maven-3.9.7/mvn_repo/org/projectlombok/lombok/1.18.32/lombok-1.18.32.jar:/Users/leeshal/apache-maven-3.9.7/mvn_repo/org/springframework/boot/spring-boot-starter-test/3.2.6/spring-boot-starter-test-3.2.6.jar:/Users/leeshal/apache-maven-3.9.7/mvn_repo/org/springframework/boot/spring-boot-test/3.2.6/spring-boot-test-3.2.6.jar:/Users/leeshal/apache-maven-3.9.7/mvn_repo/org/springframework/boot/spring-boot-test-autoconfigure/3.2.6/spring-boot-test-autoconfigure-3.2.6.jar:/Users/leeshal/apache-maven-3.9.7/mvn_repo/com/jayway/jsonpath/json-path/2.9.0/json-path-2.9.0.jar:/Users/leeshal/apache-maven-3.9.7/mvn_repo/jakarta/xml/bind/jakarta.xml.bind-api/4.0.2/jakarta.xml.bind-api-4.0.2.jar:/Users/leeshal/apache-maven-3.9.7/mvn_repo/jakarta/activation/jakarta.activation-api/2.1.3/jakarta.activation-api-2.1.3.jar:/Users/leeshal/apache-maven-3.9.7/mvn_repo/net/minidev/json-smart/2.5.1/json-smart-2.5.1.jar:/Users/leeshal/apache-maven-3.9.7/mvn_repo/net/minidev/accessors-smart/2.5.1/accessors-smart-2.5.1.jar:/Users/leeshal/apache-maven-3.9.7/mvn_repo/org/ow2/asm/asm/9.6/asm-9.6.jar:/Users/leeshal/apache-maven-3.9.7/mvn_repo/org/assertj/assertj-core/3.24.2/assertj-core-3.24.2.jar:/Users/leeshal/apache-maven-3.9.7/mvn_repo/net/bytebuddy/byte-buddy/1.14.16/byte-buddy-1.14.16.jar:/Users/leeshal/apache-maven-3.9.7/mvn_repo/org/awaitility/awaitility/4.2.1/awaitility-4.2.1.jar:/Users/leeshal/apache-maven-3.9.7/mvn_repo/org/hamcrest/hamcrest/2.2/hamcrest-2.2.jar:/Users/leeshal/apache-maven-3.9.7/mvn_repo/org/junit/jupiter/junit-jupiter/5.10.2/junit-jupiter-5.10.2.jar:/Users/leeshal/apache-maven-3.9.7/mvn_repo/org/junit/jupiter/junit-jupiter-api/5.10.2/junit-jupiter-api-5.10.2.jar:/Users/leeshal/apache-maven-3.9.7/mvn_repo/org/opentest4j/opentest4j/1.3.0/opentest4j-1.3.0.jar:/Users/leeshal/apache-maven-3.9.7/mvn_repo/org/junit/platform/junit-platform-commons/1.10.2/junit-platform-commons-1.10.2.jar:/Users/leeshal/apache-maven-3.9.7/mvn_repo/org/apiguardian/apiguardian-api/1.1.2/apiguardian-api-1.1.2.jar:/Users/leeshal/apache-maven-3.9.7/mvn_repo/org/junit/jupiter/junit-jupiter-params/5.10.2/junit-jupiter-params-5.10.2.jar:/Users/leeshal/apache-maven-3.9.7/mvn_repo/org/junit/jupiter/junit-jupiter-engine/5.10.2/junit-jupiter-engine-5.10.2.jar:/Users/leeshal/apache-maven-3.9.7/mvn_repo/org/junit/platform/junit-platform-engine/1.10.2/junit-platform-engine-1.10.2.jar:/Users/leeshal/apache-maven-3.9.7/mvn_repo/org/mockito/mockito-core/5.7.0/mockito-core-5.7.0.jar:/Users/leeshal/apache-maven-3.9.7/mvn_repo/net/bytebuddy/byte-buddy-agent/1.14.16/byte-buddy-agent-1.14.16.jar:/Users/leeshal/apache-maven-3.9.7/mvn_repo/org/objenesis/objenesis/3.3/objenesis-3.3.jar:/Users/leeshal/apache-maven-3.9.7/mvn_repo/org/mockito/mockito-junit-jupiter/5.7.0/mockito-junit-jupiter-5.7.0.jar:/Users/leeshal/apache-maven-3.9.7/mvn_repo/org/skyscreamer/jsonassert/1.5.1/jsonassert-1.5.1.jar:/Users/leeshal/apache-maven-3.9.7/mvn_repo/com/vaadin/external/google/android-json/0.0.20131108.vaadin1/android-json-0.0.20131108.vaadin1.jar:/Users/leeshal/apache-maven-3.9.7/mvn_repo/org/springframework/spring-core/6.1.8/spring-core-6.1.8.jar:/Users/leeshal/apache-maven-3.9.7/mvn_repo/org/springframework/spring-jcl/6.1.8/spring-jcl-6.1.8.jar:/Users/leeshal/apache-maven-3.9.7/mvn_repo/org/springframework/spring-test/6.1.8/spring-test-6.1.8.jar:/Users/leeshal/apache-maven-3.9.7/mvn_repo/org/xmlunit/xmlunit-core/2.9.1/xmlunit-core-2.9.1.jar:/Users/leeshal/apache-maven-3.9.7/mvn_repo/org/mybatis/spring/boot/mybatis-spring-boot-starter-test/3.0.3/mybatis-spring-boot-starter-test-3.0.3.jar:/Users/leeshal/apache-maven-3.9.7/mvn_repo/org/mybatis/spring/boot/mybatis-spring-boot-test-autoconfigure/3.0.3/mybatis-spring-boot-test-autoconfigure-3.0.3.jar:/Users/leeshal/apache-maven-3.9.7/mvn_repo/org/springframework/spring-tx/6.1.8/spring-tx-6.1.8.jar:/Users/leeshal/apache-maven-3.9.7/mvn_repo/com/alibaba/Druid/1.2.8/Druid-1.2.8.jar:/Users/leeshal/apache-maven-3.9.7/mvn_repo/javax/annotation/javax.annotation-api/1.3.2/javax.annotation-api-1.3.2.jar:/Users/leeshal/apache-maven-3.9.7/mvn_repo/org/apache/tomcat/embed/tomcat-embed-jasper/9.0.82/tomcat-embed-jasper-9.0.82.jar:/Users/leeshal/apache-maven-3.9.7/mvn_repo/org/apache/tomcat/embed/tomcat-embed-core/10.1.24/tomcat-embed-core-10.1.24.jar:/Users/leeshal/apache-maven-3.9.7/mvn_repo/org/apache/tomcat/tomcat-annotations-api/10.1.24/tomcat-annotations-api-10.1.24.jar:/Users/leeshal/apache-maven-3.9.7/mvn_repo/org/apache/tomcat/embed/tomcat-embed-el/10.1.24/tomcat-embed-el-10.1.24.jar:/Users/leeshal/apache-maven-3.9.7/mvn_repo/org/eclipse/jdt/ecj/3.26.0/ecj-3.26.0.jar:/Users/leeshal/apache-maven-3.9.7/mvn_repo/org/slf4j/slf4j-nop/1.7.25/slf4j-nop-1.7.25.jar:/Users/leeshal/apache-maven-3.9.7/mvn_repo/org/slf4j/slf4j-api/2.0.13/slf4j-api-2.0.13.jar:/Users/leeshal/apache-maven-3.9.7/mvn_repo/javax/persistence/persistence-api/1.0/persistence-api-1.0.jar:/Users/leeshal/apache-maven-3.9.7/mvn_repo/tk/mybatis/mapper/4.2.2/mapper-4.2.2.jar:/Users/leeshal/apache-maven-3.9.7/mvn_repo/javax/persistence/javax.persistence-api/2.2/javax.persistence-api-2.2.jar:/Users/leeshal/apache-maven-3.9.7/mvn_repo/commons-codec/commons-codec/1.16.1/commons-codec-1.16.1.jar:/Users/leeshal/apache-maven-3.9.7/mvn_repo/org/springframework/boot/spring-boot-starter-validation/3.2.6/spring-boot-starter-validation-3.2.6.jar:/Users/leeshal/apache-maven-3.9.7/mvn_repo/org/hibernate/validator/hibernate-validator/8.0.1.Final/hibernate-validator-8.0.1.Final.jar:/Users/leeshal/apache-maven-3.9.7/mvn_repo/jakarta/validation/jakarta.validation-api/3.0.2/jakarta.validation-api-3.0.2.jar:/Users/leeshal/apache-maven-3.9.7/mvn_repo/org/jboss/logging/jboss-logging/3.5.3.Final/jboss-logging-3.5.3.Final.jar:/Users/leeshal/apache-maven-3.9.7/mvn_repo/com/fasterxml/classmate/1.6.0/classmate-1.6.0.jar:/Users/leeshal/apache-maven-3.9.7/mvn_repo/com/auth0/java-jwt/4.4.0/java-jwt-4.4.0.jar:/Users/leeshal/apache-maven-3.9.7/mvn_repo/com/fasterxml/jackson/core/jackson-databind/2.15.4/jackson-databind-2.15.4.jar:/Users/leeshal/apache-maven-3.9.7/mvn_repo/com/fasterxml/jackson/core/jackson-annotations/2.15.4/jackson-annotations-2.15.4.jar:/Users/leeshal/apache-maven-3.9.7/mvn_repo/com/fasterxml/jackson/core/jackson-core/2.15.4/jackson-core-2.15.4.jar:/Users/leeshal/apache-maven-3.9.7/mvn_repo/com/github/pagehelper/pagehelper-spring-boot-starter/1.4.6/pagehelper-spring-boot-starter-1.4.6.jar:/Users/leeshal/apache-maven-3.9.7/mvn_repo/com/github/pagehelper/pagehelper-spring-boot-autoconfigure/1.4.6/pagehelper-spring-boot-autoconfigure-1.4.6.jar:/Users/leeshal/apache-maven-3.9.7/mvn_repo/com/github/pagehelper/pagehelper/5.3.2/pagehelper-5.3.2.jar:/Users/leeshal/apache-maven-3.9.7/mvn_repo/com/github/jsqlparser/jsqlparser/4.5/jsqlparser-4.5.jar:/Users/leeshal/apache-maven-3.9.7/mvn_repo/org/springframework/boot/spring-boot-starter-data-redis/3.2.6/spring-boot-starter-data-redis-3.2.6.jar:/Users/leeshal/apache-maven-3.9.7/mvn_repo/io/lettuce/lettuce-core/6.3.2.RELEASE/lettuce-core-6.3.2.RELEASE.jar:/Users/leeshal/apache-maven-3.9.7/mvn_repo/io/netty/netty-common/4.1.110.Final/netty-common-4.1.110.Final.jar:/Users/leeshal/apache-maven-3.9.7/mvn_repo/io/netty/netty-handler/4.1.110.Final/netty-handler-4.1.110.Final.jar:/Users/leeshal/apache-maven-3.9.7/mvn_repo/io/netty/netty-resolver/4.1.110.Final/netty-resolver-4.1.110.Final.jar:/Users/leeshal/apache-maven-3.9.7/mvn_repo/io/netty/netty-buffer/4.1.110.Final/netty-buffer-4.1.110.Final.jar:/Users/leeshal/apache-maven-3.9.7/mvn_repo/io/netty/netty-transport-native-unix-common/4.1.110.Final/netty-transport-native-unix-common-4.1.110.Final.jar:/Users/leeshal/apache-maven-3.9.7/mvn_repo/io/netty/netty-codec/4.1.110.Final/netty-codec-4.1.110.Final.jar:/Users/leeshal/apache-maven-3.9.7/mvn_repo/io/netty/netty-transport/4.1.110.Final/netty-transport-4.1.110.Final.jar:/Users/leeshal/apache-maven-3.9.7/mvn_repo/io/projectreactor/reactor-core/3.6.6/reactor-core-3.6.6.jar:/Users/leeshal/apache-maven-3.9.7/mvn_repo/org/reactivestreams/reactive-streams/1.0.4/reactive-streams-1.0.4.jar:/Users/leeshal/apache-maven-3.9.7/mvn_repo/org/springframework/data/spring-data-redis/3.2.6/spring-data-redis-3.2.6.jar:/Users/leeshal/apache-maven-3.9.7/mvn_repo/org/springframework/data/spring-data-keyvalue/3.2.6/spring-data-keyvalue-3.2.6.jar:/Users/leeshal/apache-maven-3.9.7/mvn_repo/org/springframework/data/spring-data-commons/3.2.6/spring-data-commons-3.2.6.jar:/Users/leeshal/apache-maven-3.9.7/mvn_repo/org/springframework/spring-oxm/6.1.8/spring-oxm-6.1.8.jar:/Users/leeshal/apache-maven-3.9.7/mvn_repo/org/springframework/spring-context-support/6.1.8/spring-context-support-6.1.8.jar:"/>
    <property name="https.proxyPort" value="7890"/>
    <property name="java.vm.vendor" value="Oracle Corporation"/>
    <property name="sun.arch.data.model" value="64"/>
    <property name="java.vendor.url" value="https://java.oracle.com/"/>
    <property name="user.timezone" value="Asia/Shanghai"/>
    <property name="org.jboss.logging.provider" value="slf4j"/>
    <property name="os.name" value="Mac OS X"/>
    <property name="java.vm.specification.version" value="21"/>
    <property name="sun.java.launcher" value="SUN_STANDARD"/>
    <property name="user.country" value="CN"/>
    <property name="sun.boot.library.path" value="/Library/Java/JavaVirtualMachines/jdk-21.jdk/Contents/Home/lib"/>
    <property name="sun.java.command" value="/Users/leeshal/Desktop/OneWork/target/surefire/surefirebooter-20240609233430358_3.jar /Users/leeshal/Desktop/OneWork/target/surefire 2024-06-09T23-34-24_761-jvmRun1 surefire-20240609233430358_1tmp surefire_0-20240609233430358_2tmp"/>
    <property name="http.nonProxyHosts" value="192.168.0.0/16|*.192.168.0.0/16|10.0.0.0/8|*.10.0.0.0/8|172.16.0.0/12|*.172.16.0.0/12|127.0.0.1|localhost|*.localhost|local|*.local|timestamp.apple.com|*.timestamp.apple.com"/>
    <property name="jdk.debug" value="release"/>
    <property name="surefire.test.class.path" value="/Users/leeshal/Desktop/OneWork/target/test-classes:/Users/leeshal/Desktop/OneWork/target/classes:/Users/leeshal/apache-maven-3.9.7/mvn_repo/org/springframework/boot/spring-boot-starter-web/3.2.6/spring-boot-starter-web-3.2.6.jar:/Users/leeshal/apache-maven-3.9.7/mvn_repo/org/springframework/boot/spring-boot-starter/3.2.6/spring-boot-starter-3.2.6.jar:/Users/leeshal/apache-maven-3.9.7/mvn_repo/org/springframework/boot/spring-boot/3.2.6/spring-boot-3.2.6.jar:/Users/leeshal/apache-maven-3.9.7/mvn_repo/org/springframework/boot/spring-boot-autoconfigure/3.2.6/spring-boot-autoconfigure-3.2.6.jar:/Users/leeshal/apache-maven-3.9.7/mvn_repo/org/springframework/boot/spring-boot-starter-logging/3.2.6/spring-boot-starter-logging-3.2.6.jar:/Users/leeshal/apache-maven-3.9.7/mvn_repo/ch/qos/logback/logback-classic/1.4.14/logback-classic-1.4.14.jar:/Users/leeshal/apache-maven-3.9.7/mvn_repo/ch/qos/logback/logback-core/1.4.14/logback-core-1.4.14.jar:/Users/leeshal/apache-maven-3.9.7/mvn_repo/org/apache/logging/log4j/log4j-to-slf4j/2.21.1/log4j-to-slf4j-2.21.1.jar:/Users/leeshal/apache-maven-3.9.7/mvn_repo/org/apache/logging/log4j/log4j-api/2.21.1/log4j-api-2.21.1.jar:/Users/leeshal/apache-maven-3.9.7/mvn_repo/org/slf4j/jul-to-slf4j/2.0.13/jul-to-slf4j-2.0.13.jar:/Users/leeshal/apache-maven-3.9.7/mvn_repo/jakarta/annotation/jakarta.annotation-api/2.1.1/jakarta.annotation-api-2.1.1.jar:/Users/leeshal/apache-maven-3.9.7/mvn_repo/org/yaml/snakeyaml/2.2/snakeyaml-2.2.jar:/Users/leeshal/apache-maven-3.9.7/mvn_repo/org/springframework/boot/spring-boot-starter-json/3.2.6/spring-boot-starter-json-3.2.6.jar:/Users/leeshal/apache-maven-3.9.7/mvn_repo/com/fasterxml/jackson/datatype/jackson-datatype-jdk8/2.15.4/jackson-datatype-jdk8-2.15.4.jar:/Users/leeshal/apache-maven-3.9.7/mvn_repo/com/fasterxml/jackson/datatype/jackson-datatype-jsr310/2.15.4/jackson-datatype-jsr310-2.15.4.jar:/Users/leeshal/apache-maven-3.9.7/mvn_repo/com/fasterxml/jackson/module/jackson-module-parameter-names/2.15.4/jackson-module-parameter-names-2.15.4.jar:/Users/leeshal/apache-maven-3.9.7/mvn_repo/org/springframework/boot/spring-boot-starter-tomcat/3.2.6/spring-boot-starter-tomcat-3.2.6.jar:/Users/leeshal/apache-maven-3.9.7/mvn_repo/org/apache/tomcat/embed/tomcat-embed-websocket/10.1.24/tomcat-embed-websocket-10.1.24.jar:/Users/leeshal/apache-maven-3.9.7/mvn_repo/org/springframework/spring-web/6.1.8/spring-web-6.1.8.jar:/Users/leeshal/apache-maven-3.9.7/mvn_repo/org/springframework/spring-beans/6.1.8/spring-beans-6.1.8.jar:/Users/leeshal/apache-maven-3.9.7/mvn_repo/io/micrometer/micrometer-observation/1.12.6/micrometer-observation-1.12.6.jar:/Users/leeshal/apache-maven-3.9.7/mvn_repo/io/micrometer/micrometer-commons/1.12.6/micrometer-commons-1.12.6.jar:/Users/leeshal/apache-maven-3.9.7/mvn_repo/org/springframework/spring-webmvc/6.1.8/spring-webmvc-6.1.8.jar:/Users/leeshal/apache-maven-3.9.7/mvn_repo/org/springframework/spring-aop/6.1.8/spring-aop-6.1.8.jar:/Users/leeshal/apache-maven-3.9.7/mvn_repo/org/springframework/spring-context/6.1.8/spring-context-6.1.8.jar:/Users/leeshal/apache-maven-3.9.7/mvn_repo/org/springframework/spring-expression/6.1.8/spring-expression-6.1.8.jar:/Users/leeshal/apache-maven-3.9.7/mvn_repo/org/mybatis/spring/boot/mybatis-spring-boot-starter/3.0.3/mybatis-spring-boot-starter-3.0.3.jar:/Users/leeshal/apache-maven-3.9.7/mvn_repo/org/springframework/boot/spring-boot-starter-jdbc/3.2.6/spring-boot-starter-jdbc-3.2.6.jar:/Users/leeshal/apache-maven-3.9.7/mvn_repo/com/zaxxer/HikariCP/5.0.1/HikariCP-5.0.1.jar:/Users/leeshal/apache-maven-3.9.7/mvn_repo/org/springframework/spring-jdbc/6.1.8/spring-jdbc-6.1.8.jar:/Users/leeshal/apache-maven-3.9.7/mvn_repo/org/mybatis/spring/boot/mybatis-spring-boot-autoconfigure/3.0.3/mybatis-spring-boot-autoconfigure-3.0.3.jar:/Users/leeshal/apache-maven-3.9.7/mvn_repo/org/mybatis/mybatis/3.5.14/mybatis-3.5.14.jar:/Users/leeshal/apache-maven-3.9.7/mvn_repo/org/mybatis/mybatis-spring/3.0.3/mybatis-spring-3.0.3.jar:/Users/leeshal/apache-maven-3.9.7/mvn_repo/com/mysql/mysql-connector-j/8.3.0/mysql-connector-j-8.3.0.jar:/Users/leeshal/apache-maven-3.9.7/mvn_repo/org/projectlombok/lombok/1.18.32/lombok-1.18.32.jar:/Users/leeshal/apache-maven-3.9.7/mvn_repo/org/springframework/boot/spring-boot-starter-test/3.2.6/spring-boot-starter-test-3.2.6.jar:/Users/leeshal/apache-maven-3.9.7/mvn_repo/org/springframework/boot/spring-boot-test/3.2.6/spring-boot-test-3.2.6.jar:/Users/leeshal/apache-maven-3.9.7/mvn_repo/org/springframework/boot/spring-boot-test-autoconfigure/3.2.6/spring-boot-test-autoconfigure-3.2.6.jar:/Users/leeshal/apache-maven-3.9.7/mvn_repo/com/jayway/jsonpath/json-path/2.9.0/json-path-2.9.0.jar:/Users/leeshal/apache-maven-3.9.7/mvn_repo/jakarta/xml/bind/jakarta.xml.bind-api/4.0.2/jakarta.xml.bind-api-4.0.2.jar:/Users/leeshal/apache-maven-3.9.7/mvn_repo/jakarta/activation/jakarta.activation-api/2.1.3/jakarta.activation-api-2.1.3.jar:/Users/leeshal/apache-maven-3.9.7/mvn_repo/net/minidev/json-smart/2.5.1/json-smart-2.5.1.jar:/Users/leeshal/apache-maven-3.9.7/mvn_repo/net/minidev/accessors-smart/2.5.1/accessors-smart-2.5.1.jar:/Users/leeshal/apache-maven-3.9.7/mvn_repo/org/ow2/asm/asm/9.6/asm-9.6.jar:/Users/leeshal/apache-maven-3.9.7/mvn_repo/org/assertj/assertj-core/3.24.2/assertj-core-3.24.2.jar:/Users/leeshal/apache-maven-3.9.7/mvn_repo/net/bytebuddy/byte-buddy/1.14.16/byte-buddy-1.14.16.jar:/Users/leeshal/apache-maven-3.9.7/mvn_repo/org/awaitility/awaitility/4.2.1/awaitility-4.2.1.jar:/Users/leeshal/apache-maven-3.9.7/mvn_repo/org/hamcrest/hamcrest/2.2/hamcrest-2.2.jar:/Users/leeshal/apache-maven-3.9.7/mvn_repo/org/junit/jupiter/junit-jupiter/5.10.2/junit-jupiter-5.10.2.jar:/Users/leeshal/apache-maven-3.9.7/mvn_repo/org/junit/jupiter/junit-jupiter-api/5.10.2/junit-jupiter-api-5.10.2.jar:/Users/leeshal/apache-maven-3.9.7/mvn_repo/org/opentest4j/opentest4j/1.3.0/opentest4j-1.3.0.jar:/Users/leeshal/apache-maven-3.9.7/mvn_repo/org/junit/platform/junit-platform-commons/1.10.2/junit-platform-commons-1.10.2.jar:/Users/leeshal/apache-maven-3.9.7/mvn_repo/org/apiguardian/apiguardian-api/1.1.2/apiguardian-api-1.1.2.jar:/Users/leeshal/apache-maven-3.9.7/mvn_repo/org/junit/jupiter/junit-jupiter-params/5.10.2/junit-jupiter-params-5.10.2.jar:/Users/leeshal/apache-maven-3.9.7/mvn_repo/org/junit/jupiter/junit-jupiter-engine/5.10.2/junit-jupiter-engine-5.10.2.jar:/Users/leeshal/apache-maven-3.9.7/mvn_repo/org/junit/platform/junit-platform-engine/1.10.2/junit-platform-engine-1.10.2.jar:/Users/leeshal/apache-maven-3.9.7/mvn_repo/org/mockito/mockito-core/5.7.0/mockito-core-5.7.0.jar:/Users/leeshal/apache-maven-3.9.7/mvn_repo/net/bytebuddy/byte-buddy-agent/1.14.16/byte-buddy-agent-1.14.16.jar:/Users/leeshal/apache-maven-3.9.7/mvn_repo/org/objenesis/objenesis/3.3/objenesis-3.3.jar:/Users/leeshal/apache-maven-3.9.7/mvn_repo/org/mockito/mockito-junit-jupiter/5.7.0/mockito-junit-jupiter-5.7.0.jar:/Users/leeshal/apache-maven-3.9.7/mvn_repo/org/skyscreamer/jsonassert/1.5.1/jsonassert-1.5.1.jar:/Users/leeshal/apache-maven-3.9.7/mvn_repo/com/vaadin/external/google/android-json/0.0.20131108.vaadin1/android-json-0.0.20131108.vaadin1.jar:/Users/leeshal/apache-maven-3.9.7/mvn_repo/org/springframework/spring-core/6.1.8/spring-core-6.1.8.jar:/Users/leeshal/apache-maven-3.9.7/mvn_repo/org/springframework/spring-jcl/6.1.8/spring-jcl-6.1.8.jar:/Users/leeshal/apache-maven-3.9.7/mvn_repo/org/springframework/spring-test/6.1.8/spring-test-6.1.8.jar:/Users/leeshal/apache-maven-3.9.7/mvn_repo/org/xmlunit/xmlunit-core/2.9.1/xmlunit-core-2.9.1.jar:/Users/leeshal/apache-maven-3.9.7/mvn_repo/org/mybatis/spring/boot/mybatis-spring-boot-starter-test/3.0.3/mybatis-spring-boot-starter-test-3.0.3.jar:/Users/leeshal/apache-maven-3.9.7/mvn_repo/org/mybatis/spring/boot/mybatis-spring-boot-test-autoconfigure/3.0.3/mybatis-spring-boot-test-autoconfigure-3.0.3.jar:/Users/leeshal/apache-maven-3.9.7/mvn_repo/org/springframework/spring-tx/6.1.8/spring-tx-6.1.8.jar:/Users/leeshal/apache-maven-3.9.7/mvn_repo/com/alibaba/Druid/1.2.8/Druid-1.2.8.jar:/Users/leeshal/apache-maven-3.9.7/mvn_repo/javax/annotation/javax.annotation-api/1.3.2/javax.annotation-api-1.3.2.jar:/Users/leeshal/apache-maven-3.9.7/mvn_repo/org/apache/tomcat/embed/tomcat-embed-jasper/9.0.82/tomcat-embed-jasper-9.0.82.jar:/Users/leeshal/apache-maven-3.9.7/mvn_repo/org/apache/tomcat/embed/tomcat-embed-core/10.1.24/tomcat-embed-core-10.1.24.jar:/Users/leeshal/apache-maven-3.9.7/mvn_repo/org/apache/tomcat/tomcat-annotations-api/10.1.24/tomcat-annotations-api-10.1.24.jar:/Users/leeshal/apache-maven-3.9.7/mvn_repo/org/apache/tomcat/embed/tomcat-embed-el/10.1.24/tomcat-embed-el-10.1.24.jar:/Users/leeshal/apache-maven-3.9.7/mvn_repo/org/eclipse/jdt/ecj/3.26.0/ecj-3.26.0.jar:/Users/leeshal/apache-maven-3.9.7/mvn_repo/org/slf4j/slf4j-nop/1.7.25/slf4j-nop-1.7.25.jar:/Users/leeshal/apache-maven-3.9.7/mvn_repo/org/slf4j/slf4j-api/2.0.13/slf4j-api-2.0.13.jar:/Users/leeshal/apache-maven-3.9.7/mvn_repo/javax/persistence/persistence-api/1.0/persistence-api-1.0.jar:/Users/leeshal/apache-maven-3.9.7/mvn_repo/tk/mybatis/mapper/4.2.2/mapper-4.2.2.jar:/Users/leeshal/apache-maven-3.9.7/mvn_repo/javax/persistence/javax.persistence-api/2.2/javax.persistence-api-2.2.jar:/Users/leeshal/apache-maven-3.9.7/mvn_repo/commons-codec/commons-codec/1.16.1/commons-codec-1.16.1.jar:/Users/leeshal/apache-maven-3.9.7/mvn_repo/org/springframework/boot/spring-boot-starter-validation/3.2.6/spring-boot-starter-validation-3.2.6.jar:/Users/leeshal/apache-maven-3.9.7/mvn_repo/org/hibernate/validator/hibernate-validator/8.0.1.Final/hibernate-validator-8.0.1.Final.jar:/Users/leeshal/apache-maven-3.9.7/mvn_repo/jakarta/validation/jakarta.validation-api/3.0.2/jakarta.validation-api-3.0.2.jar:/Users/leeshal/apache-maven-3.9.7/mvn_repo/org/jboss/logging/jboss-logging/3.5.3.Final/jboss-logging-3.5.3.Final.jar:/Users/leeshal/apache-maven-3.9.7/mvn_repo/com/fasterxml/classmate/1.6.0/classmate-1.6.0.jar:/Users/leeshal/apache-maven-3.9.7/mvn_repo/com/auth0/java-jwt/4.4.0/java-jwt-4.4.0.jar:/Users/leeshal/apache-maven-3.9.7/mvn_repo/com/fasterxml/jackson/core/jackson-databind/2.15.4/jackson-databind-2.15.4.jar:/Users/leeshal/apache-maven-3.9.7/mvn_repo/com/fasterxml/jackson/core/jackson-annotations/2.15.4/jackson-annotations-2.15.4.jar:/Users/leeshal/apache-maven-3.9.7/mvn_repo/com/fasterxml/jackson/core/jackson-core/2.15.4/jackson-core-2.15.4.jar:/Users/leeshal/apache-maven-3.9.7/mvn_repo/com/github/pagehelper/pagehelper-spring-boot-starter/1.4.6/pagehelper-spring-boot-starter-1.4.6.jar:/Users/leeshal/apache-maven-3.9.7/mvn_repo/com/github/pagehelper/pagehelper-spring-boot-autoconfigure/1.4.6/pagehelper-spring-boot-autoconfigure-1.4.6.jar:/Users/leeshal/apache-maven-3.9.7/mvn_repo/com/github/pagehelper/pagehelper/5.3.2/pagehelper-5.3.2.jar:/Users/leeshal/apache-maven-3.9.7/mvn_repo/com/github/jsqlparser/jsqlparser/4.5/jsqlparser-4.5.jar:/Users/leeshal/apache-maven-3.9.7/mvn_repo/org/springframework/boot/spring-boot-starter-data-redis/3.2.6/spring-boot-starter-data-redis-3.2.6.jar:/Users/leeshal/apache-maven-3.9.7/mvn_repo/io/lettuce/lettuce-core/6.3.2.RELEASE/lettuce-core-6.3.2.RELEASE.jar:/Users/leeshal/apache-maven-3.9.7/mvn_repo/io/netty/netty-common/4.1.110.Final/netty-common-4.1.110.Final.jar:/Users/leeshal/apache-maven-3.9.7/mvn_repo/io/netty/netty-handler/4.1.110.Final/netty-handler-4.1.110.Final.jar:/Users/leeshal/apache-maven-3.9.7/mvn_repo/io/netty/netty-resolver/4.1.110.Final/netty-resolver-4.1.110.Final.jar:/Users/leeshal/apache-maven-3.9.7/mvn_repo/io/netty/netty-buffer/4.1.110.Final/netty-buffer-4.1.110.Final.jar:/Users/leeshal/apache-maven-3.9.7/mvn_repo/io/netty/netty-transport-native-unix-common/4.1.110.Final/netty-transport-native-unix-common-4.1.110.Final.jar:/Users/leeshal/apache-maven-3.9.7/mvn_repo/io/netty/netty-codec/4.1.110.Final/netty-codec-4.1.110.Final.jar:/Users/leeshal/apache-maven-3.9.7/mvn_repo/io/netty/netty-transport/4.1.110.Final/netty-transport-4.1.110.Final.jar:/Users/leeshal/apache-maven-3.9.7/mvn_repo/io/projectreactor/reactor-core/3.6.6/reactor-core-3.6.6.jar:/Users/leeshal/apache-maven-3.9.7/mvn_repo/org/reactivestreams/reactive-streams/1.0.4/reactive-streams-1.0.4.jar:/Users/leeshal/apache-maven-3.9.7/mvn_repo/org/springframework/data/spring-data-redis/3.2.6/spring-data-redis-3.2.6.jar:/Users/leeshal/apache-maven-3.9.7/mvn_repo/org/springframework/data/spring-data-keyvalue/3.2.6/spring-data-keyvalue-3.2.6.jar:/Users/leeshal/apache-maven-3.9.7/mvn_repo/org/springframework/data/spring-data-commons/3.2.6/spring-data-commons-3.2.6.jar:/Users/leeshal/apache-maven-3.9.7/mvn_repo/org/springframework/spring-oxm/6.1.8/spring-oxm-6.1.8.jar:/Users/leeshal/apache-maven-3.9.7/mvn_repo/org/springframework/spring-context-support/6.1.8/spring-context-support-6.1.8.jar:"/>
    <property name="sun.cpu.endian" value="little"/>
    <property name="user.home" value="/Users/leeshal"/>
    <property name="user.language" value="zh"/>
    <property name="java.specification.vendor" value="Oracle Corporation"/>
    <property name="java.version.date" value="2023-09-19"/>
    <property name="java.home" value="/Library/Java/JavaVirtualMachines/jdk-21.jdk/Contents/Home"/>
    <property name="file.separator" value="/"/>
    <property name="https.proxyHost" value="127.0.0.1"/>
    <property name="basedir" value="/Users/leeshal/Desktop/OneWork"/>
    <property name="java.vm.compressedOopsMode" value="Zero based"/>
    <property name="line.separator" value="&#10;"/>
    <property name="java.vm.specification.vendor" value="Oracle Corporation"/>
    <property name="java.specification.name" value="Java Platform API Specification"/>
    <property name="FILE_LOG_CHARSET" value="UTF-8"/>
    <property name="java.awt.headless" value="true"/>
    <property name="apple.awt.application.name" value="ForkedBooter"/>
    <property name="surefire.real.class.path" value="/Users/leeshal/Desktop/OneWork/target/surefire/surefirebooter-20240609233430358_3.jar"/>
    <property name="user.script" value="Hant"/>
    <property name="sun.management.compiler" value="HotSpot 64-Bit Tiered Compilers"/>
    <property name="ftp.nonProxyHosts" value="192.168.0.0/16|*.192.168.0.0/16|10.0.0.0/8|*.10.0.0.0/8|172.16.0.0/12|*.172.16.0.0/12|127.0.0.1|localhost|*.localhost|local|*.local|timestamp.apple.com|*.timestamp.apple.com"/>
    <property name="java.runtime.version" value="21+35-LTS-2513"/>
    <property name="user.name" value="leeshal"/>
    <property name="stdout.encoding" value="UTF-8"/>
    <property name="path.separator" value=":"/>
    <property name="os.version" value="14.5"/>
    <property name="java.runtime.name" value="Java(TM) SE Runtime Environment"/>
    <property name="file.encoding" value="UTF-8"/>
    <property name="java.vm.name" value="Java HotSpot(TM) 64-Bit Server VM"/>
    <property name="localRepository" value="/Users/leeshal/apache-maven-3.9.7/mvn_repo"/>
    <property name="java.vendor.url.bug" value="https://bugreport.java.com/bugreport/"/>
    <property name="java.io.tmpdir" value="/var/folders/4b/x67ppwkn1v14391dw3rcwjdm0000gn/T/"/>
    <property name="idea.version" value="2023.2.5"/>
    <property name="java.version" value="21"/>
    <property name="user.dir" value="/Users/leeshal/Desktop/OneWork"/>
    <property name="os.arch" value="aarch64"/>
    <property name="socksProxyPort" value="7890"/>
    <property name="java.vm.specification.name" value="Java Virtual Machine Specification"/>
    <property name="PID" value="1462"/>
    <property name="CONSOLE_LOG_CHARSET" value="UTF-8"/>
    <property name="native.encoding" value="UTF-8"/>
    <property name="java.library.path" value="/Users/leeshal/Library/Java/Extensions:/Library/Java/Extensions:/Network/Library/Java/Extensions:/System/Library/Java/Extensions:/usr/lib/java:."/>
    <property name="java.vm.info" value="mixed mode, sharing"/>
    <property name="stderr.encoding" value="UTF-8"/>
    <property name="java.vendor" value="Oracle Corporation"/>
    <property name="java.vm.version" value="21+35-LTS-2513"/>
    <property name="sun.io.unicode.encoding" value="UnicodeBig"/>
    <property name="socksNonProxyHosts" value="192.168.0.0/16|*.192.168.0.0/16|10.0.0.0/8|*.10.0.0.0/8|172.16.0.0/12|*.172.16.0.0/12|127.0.0.1|localhost|*.localhost|local|*.local|timestamp.apple.com|*.timestamp.apple.com"/>
    <property name="java.class.version" value="65.0"/>
    <property name="LOGGED_APPLICATION_NAME" value="[OneWork] "/>
    <property name="http.proxyPort" value="7890"/>
  </properties>
  <testcase name="testTheadLocalSetAndGet" classname="cn.shalee.ThreadLocalTest" time="0.001">
    <system-out><![CDATA[蓝色:萧炎
红色:唐三
蓝色:萧炎
]]></system-out>
  </testcase>
</testsuite>